19-Aug-2023 19:02:54.208 信息 [main] org.apache.catalina.startup.VersionLoggerListener.log Server.服务器版本: Apache Tomcat/9.0.54
19-Aug-2023 19:02:54.214 信息 [main] org.apache.catalina.startup.VersionLoggerListener.log 服务器构建:        Sep 28 2021 13:51:49 UTC
19-Aug-2023 19:02:54.219 信息 [main] org.apache.catalina.startup.VersionLoggerListener.log 服务器版本号:      9.0.54.0
19-Aug-2023 19:02:54.220 信息 [main] org.apache.catalina.startup.VersionLoggerListener.log 操作系统名称:      Windows 10
19-Aug-2023 19:02:54.221 信息 [main] org.apache.catalina.startup.VersionLoggerListener.log OS.版本:           10.0
19-Aug-2023 19:02:54.221 信息 [main] org.apache.catalina.startup.VersionLoggerListener.log 架构:              amd64
19-Aug-2023 19:02:54.221 信息 [main] org.apache.catalina.startup.VersionLoggerListener.log Java 环境变量:     E:\jdk\jdk-15
19-Aug-2023 19:02:54.222 信息 [main] org.apache.catalina.startup.VersionLoggerListener.log Java虚拟机版本:    15+36-1562
19-Aug-2023 19:02:54.223 信息 [main] org.apache.catalina.startup.VersionLoggerListener.log JVM.供应商:        Oracle Corporation
19-Aug-2023 19:02:54.223 信息 [main] org.apache.catalina.startup.VersionLoggerListener.log CATALINA_BASE:     E:\apache-tomcat-9.0.54
19-Aug-2023 19:02:54.223 信息 [main] org.apache.catalina.startup.VersionLoggerListener.log CATALINA_HOME:     E:\apache-tomcat-9.0.54
19-Aug-2023 19:02:54.232 信息 [main] org.apache.catalina.startup.VersionLoggerListener.log 命令行参数：       --add-opens=java.base/java.lang=ALL-UNNAMED
19-Aug-2023 19:02:54.250 信息 [main] org.apache.catalina.startup.VersionLoggerListener.log 命令行参数：       --add-opens=java.base/java.io=ALL-UNNAMED
19-Aug-2023 19:02:54.250 信息 [main] org.apache.catalina.startup.VersionLoggerListener.log 命令行参数：       --add-opens=java.base/java.util=ALL-UNNAMED
19-Aug-2023 19:02:54.251 信息 [main] org.apache.catalina.startup.VersionLoggerListener.log 命令行参数：       --add-opens=java.base/java.util.concurrent=ALL-UNNAMED
19-Aug-2023 19:02:54.252 信息 [main] org.apache.catalina.startup.VersionLoggerListener.log 命令行参数：       --add-opens=java.rmi/sun.rmi.transport=ALL-UNNAMED
19-Aug-2023 19:02:54.252 信息 [main] org.apache.catalina.startup.VersionLoggerListener.log 命令行参数：       -Djava.util.logging.config.file=E:\apache-tomcat-9.0.54\conf\logging.properties
19-Aug-2023 19:02:54.253 信息 [main] org.apache.catalina.startup.VersionLoggerListener.log 命令行参数：       -Djava.util.logging.manager=org.apache.juli.ClassLoaderLogManager
19-Aug-2023 19:02:54.253 信息 [main] org.apache.catalina.startup.VersionLoggerListener.log 命令行参数：       -Djdk.tls.ephemeralDHKeySize=2048
19-Aug-2023 19:02:54.254 信息 [main] org.apache.catalina.startup.VersionLoggerListener.log 命令行参数：       -Djava.protocol.handler.pkgs=org.apache.catalina.webresources
19-Aug-2023 19:02:54.254 信息 [main] org.apache.catalina.startup.VersionLoggerListener.log 命令行参数：       -Dignore.endorsed.dirs=
19-Aug-2023 19:02:54.255 信息 [main] org.apache.catalina.startup.VersionLoggerListener.log 命令行参数：       -Dcatalina.base=E:\apache-tomcat-9.0.54
19-Aug-2023 19:02:54.255 信息 [main] org.apache.catalina.startup.VersionLoggerListener.log 命令行参数：       -Dcatalina.home=E:\apache-tomcat-9.0.54
19-Aug-2023 19:02:54.256 信息 [main] org.apache.catalina.startup.VersionLoggerListener.log 命令行参数：       -Djava.io.tmpdir=E:\apache-tomcat-9.0.54\temp
19-Aug-2023 19:02:54.264 信息 [main] org.apache.catalina.core.AprLifecycleListener.lifecycleEvent 使用APR版本[1.7.0]加载了基于APR的Apache Tomcat本机库[1.2.31]。
19-Aug-2023 19:02:54.265 信息 [main] org.apache.catalina.core.AprLifecycleListener.lifecycleEvent APR功能：IPv6[true]、sendfile[true]、accept filters[false]、random[true]、UDS [true]。
19-Aug-2023 19:02:54.266 信息 [main] org.apache.catalina.core.AprLifecycleListener.lifecycleEvent APR/OpenSSL配置：useAprConnector[false]，useOpenSSL[true]
19-Aug-2023 19:02:54.288 信息 [main] org.apache.catalina.core.AprLifecycleListener.initializeSSL OpenSSL成功初始化 [OpenSSL 1.1.1l  24 Aug 2021]
19-Aug-2023 19:02:54.671 信息 [main] org.apache.coyote.AbstractProtocol.init 初始化协议处理器 ["http-nio-8080"]
19-Aug-2023 19:02:54.706 信息 [main] org.apache.catalina.startup.Catalina.load 服务器在[798]毫秒内初始化
19-Aug-2023 19:02:54.770 信息 [main] org.apache.catalina.core.StandardService.startInternal 正在启动服务[Catalina]
19-Aug-2023 19:02:54.771 信息 [main] org.apache.catalina.core.StandardEngine.startInternal 正在启动 Servlet 引擎：[Apache Tomcat/9.0.54]
19-Aug-2023 19:02:54.798 信息 [main] org.apache.catalina.startup.HostConfig.deployWAR 正在部署web应用程序存档文件[E:\apache-tomcat-9.0.54\webapps\RPS-1.0-SNAPSHOT.war]
19-Aug-2023 19:02:59.814 信息 [main] org.apache.jasper.servlet.TldScanner.scanJars 至少有一个JAR被扫描用于TLD但尚未包含TLD。 为此记录器启用调试日志记录，以获取已扫描但未在其中找到TLD的完整JAR列表。 在扫描期间跳过不需要的JAR可以缩短启动时间和JSP编译时间。
19-Aug-2023 19:03:00.022 信息 [main] org.apache.catalina.startup.HostConfig.deployWAR web应用程序存档文件[E:\apache-tomcat-9.0.54\webapps\RPS-1.0-SNAPSHOT.war]的部署已在[5,217]ms内完成
19-Aug-2023 19:03:00.026 信息 [main] org.apache.catalina.startup.HostConfig.deployDirectory 把web 应用程序部署到目录 [E:\apache-tomcat-9.0.54\webapps\docs]
19-Aug-2023 19:03:00.065 信息 [main] org.apache.catalina.startup.HostConfig.deployDirectory Web应用程序目录[E:\apache-tomcat-9.0.54\webapps\docs]的部署已在[38]毫秒内完成
19-Aug-2023 19:03:00.075 信息 [main] org.apache.catalina.startup.HostConfig.deployDirectory 把web 应用程序部署到目录 [E:\apache-tomcat-9.0.54\webapps\examples]
19-Aug-2023 19:03:00.618 信息 [main] org.apache.catalina.startup.HostConfig.deployDirectory Web应用程序目录[E:\apache-tomcat-9.0.54\webapps\examples]的部署已在[543]毫秒内完成
19-Aug-2023 19:03:00.629 信息 [main] org.apache.catalina.startup.HostConfig.deployDirectory 把web 应用程序部署到目录 [E:\apache-tomcat-9.0.54\webapps\h1]
19-Aug-2023 19:03:00.706 信息 [main] org.apache.jasper.servlet.TldScanner.scanJars 至少有一个JAR被扫描用于TLD但尚未包含TLD。 为此记录器启用调试日志记录，以获取已扫描但未在其中找到TLD的完整JAR列表。 在扫描期间跳过不需要的JAR可以缩短启动时间和JSP编译时间。
19-Aug-2023 19:03:00.728 信息 [main] org.apache.catalina.startup.HostConfig.deployDirectory Web应用程序目录[E:\apache-tomcat-9.0.54\webapps\h1]的部署已在[99]毫秒内完成
19-Aug-2023 19:03:00.730 信息 [main] org.apache.catalina.startup.HostConfig.deployDirectory 把web 应用程序部署到目录 [E:\apache-tomcat-9.0.54\webapps\host-manager]
19-Aug-2023 19:03:00.786 信息 [main] org.apache.catalina.startup.HostConfig.deployDirectory Web应用程序目录[E:\apache-tomcat-9.0.54\webapps\host-manager]的部署已在[56]毫秒内完成
19-Aug-2023 19:03:00.798 信息 [main] org.apache.catalina.startup.HostConfig.deployDirectory 把web 应用程序部署到目录 [E:\apache-tomcat-9.0.54\webapps\manager]
19-Aug-2023 19:03:00.856 信息 [main] org.apache.catalina.startup.HostConfig.deployDirectory Web应用程序目录[E:\apache-tomcat-9.0.54\webapps\manager]的部署已在[57]毫秒内完成
19-Aug-2023 19:03:00.866 信息 [main] org.apache.catalina.startup.HostConfig.deployDirectory 把web 应用程序部署到目录 [E:\apache-tomcat-9.0.54\webapps\PathSynthesis_07_war]
19-Aug-2023 19:03:01.786 信息 [main] org.apache.jasper.servlet.TldScanner.scanJars 至少有一个JAR被扫描用于TLD但尚未包含TLD。 为此记录器启用调试日志记录，以获取已扫描但未在其中找到TLD的完整JAR列表。 在扫描期间跳过不需要的JAR可以缩短启动时间和JSP编译时间。
19-Aug-2023 19:03:01.805 严重 [main] org.apache.catalina.core.StandardContext.startInternal 一个或多个listeners启动失败，更多详细信息查看对应的容器日志文件
19-Aug-2023 19:03:01.807 严重 [main] org.apache.catalina.core.StandardContext.startInternal 由于之前的错误，Context[/PathSynthesis_07_war]启动失败
19-Aug-2023 19:03:01.818 信息 [main] org.apache.catalina.startup.HostConfig.deployDirectory Web应用程序目录[E:\apache-tomcat-9.0.54\webapps\PathSynthesis_07_war]的部署已在[952]毫秒内完成
19-Aug-2023 19:03:01.841 信息 [main] org.apache.catalina.startup.HostConfig.deployDirectory 把web 应用程序部署到目录 [E:\apache-tomcat-9.0.54\webapps\PathS_war]
19-Aug-2023 19:03:02.900 信息 [main] org.apache.jasper.servlet.TldScanner.scanJars 至少有一个JAR被扫描用于TLD但尚未包含TLD。 为此记录器启用调试日志记录，以获取已扫描但未在其中找到TLD的完整JAR列表。 在扫描期间跳过不需要的JAR可以缩短启动时间和JSP编译时间。
19-Aug-2023 19:03:02.916 信息 [main] org.apache.catalina.startup.HostConfig.deployDirectory Web应用程序目录[E:\apache-tomcat-9.0.54\webapps\PathS_war]的部署已在[1,076]毫秒内完成
19-Aug-2023 19:03:02.917 信息 [main] org.apache.catalina.startup.HostConfig.deployDirectory 把web 应用程序部署到目录 [E:\apache-tomcat-9.0.54\webapps\PSMVC-1.0-SNAPSHOT]
19-Aug-2023 19:03:07.058 信息 [main] org.apache.jasper.servlet.TldScanner.scanJars 至少有一个JAR被扫描用于TLD但尚未包含TLD。 为此记录器启用调试日志记录，以获取已扫描但未在其中找到TLD的完整JAR列表。 在扫描期间跳过不需要的JAR可以缩短启动时间和JSP编译时间。
19-Aug-2023 19:03:07.103 信息 [main] org.apache.catalina.startup.HostConfig.deployDirectory Web应用程序目录[E:\apache-tomcat-9.0.54\webapps\PSMVC-1.0-SNAPSHOT]的部署已在[4,186]毫秒内完成
19-Aug-2023 19:03:07.103 信息 [main] org.apache.catalina.startup.HostConfig.deployDirectory 把web 应用程序部署到目录 [E:\apache-tomcat-9.0.54\webapps\r]
19-Aug-2023 19:03:07.183 信息 [main] org.apache.jasper.servlet.TldScanner.scanJars 至少有一个JAR被扫描用于TLD但尚未包含TLD。 为此记录器启用调试日志记录，以获取已扫描但未在其中找到TLD的完整JAR列表。 在扫描期间跳过不需要的JAR可以缩短启动时间和JSP编译时间。
19-Aug-2023 19:03:07.197 信息 [main] org.apache.catalina.startup.HostConfig.deployDirectory Web应用程序目录[E:\apache-tomcat-9.0.54\webapps\r]的部署已在[94]毫秒内完成
19-Aug-2023 19:03:07.198 信息 [main] org.apache.catalina.startup.HostConfig.deployDirectory 把web 应用程序部署到目录 [E:\apache-tomcat-9.0.54\webapps\response_war]
19-Aug-2023 19:03:07.264 信息 [main] org.apache.jasper.servlet.TldScanner.scanJars 至少有一个JAR被扫描用于TLD但尚未包含TLD。 为此记录器启用调试日志记录，以获取已扫描但未在其中找到TLD的完整JAR列表。 在扫描期间跳过不需要的JAR可以缩短启动时间和JSP编译时间。
19-Aug-2023 19:03:07.279 信息 [main] org.apache.catalina.startup.HostConfig.deployDirectory Web应用程序目录[E:\apache-tomcat-9.0.54\webapps\response_war]的部署已在[81]毫秒内完成
19-Aug-2023 19:03:07.280 信息 [main] org.apache.catalina.startup.HostConfig.deployDirectory 把web 应用程序部署到目录 [E:\apache-tomcat-9.0.54\webapps\ROOT]
19-Aug-2023 19:03:07.307 信息 [main] org.apache.catalina.startup.HostConfig.deployDirectory Web应用程序目录[E:\apache-tomcat-9.0.54\webapps\ROOT]的部署已在[26]毫秒内完成
19-Aug-2023 19:03:07.308 信息 [main] org.apache.catalina.startup.HostConfig.deployDirectory 把web 应用程序部署到目录 [E:\apache-tomcat-9.0.54\webapps\servlet_03_war]
19-Aug-2023 19:03:07.395 信息 [main] org.apache.jasper.servlet.TldScanner.scanJars 至少有一个JAR被扫描用于TLD但尚未包含TLD。 为此记录器启用调试日志记录，以获取已扫描但未在其中找到TLD的完整JAR列表。 在扫描期间跳过不需要的JAR可以缩短启动时间和JSP编译时间。
19-Aug-2023 19:03:07.411 信息 [main] org.apache.catalina.startup.HostConfig.deployDirectory Web应用程序目录[E:\apache-tomcat-9.0.54\webapps\servlet_03_war]的部署已在[103]毫秒内完成
19-Aug-2023 19:03:07.412 信息 [main] org.apache.catalina.startup.HostConfig.deployDirectory 把web 应用程序部署到目录 [E:\apache-tomcat-9.0.54\webapps\smbms_war]
19-Aug-2023 19:03:08.089 信息 [main] org.apache.jasper.servlet.TldScanner.scanJars 至少有一个JAR被扫描用于TLD但尚未包含TLD。 为此记录器启用调试日志记录，以获取已扫描但未在其中找到TLD的完整JAR列表。 在扫描期间跳过不需要的JAR可以缩短启动时间和JSP编译时间。
19-Aug-2023 19:03:08.112 信息 [main] org.apache.catalina.startup.HostConfig.deployDirectory Web应用程序目录[E:\apache-tomcat-9.0.54\webapps\smbms_war]的部署已在[699]毫秒内完成
19-Aug-2023 19:03:08.115 信息 [main] org.apache.coyote.AbstractProtocol.start 开始协议处理句柄["http-nio-8080"]
19-Aug-2023 19:03:08.205 信息 [main] org.apache.catalina.startup.Catalina.start [13498]毫秒后服务器启动
19-Aug-2023 19:22:13.972 信息 [main] org.apache.catalina.startup.VersionLoggerListener.log Server.服务器版本: Apache Tomcat/9.0.54
19-Aug-2023 19:22:13.978 信息 [main] org.apache.catalina.startup.VersionLoggerListener.log 服务器构建:        Sep 28 2021 13:51:49 UTC
19-Aug-2023 19:22:13.978 信息 [main] org.apache.catalina.startup.VersionLoggerListener.log 服务器版本号:      9.0.54.0
19-Aug-2023 19:22:13.979 信息 [main] org.apache.catalina.startup.VersionLoggerListener.log 操作系统名称:      Windows 10
19-Aug-2023 19:22:13.979 信息 [main] org.apache.catalina.startup.VersionLoggerListener.log OS.版本:           10.0
19-Aug-2023 19:22:13.979 信息 [main] org.apache.catalina.startup.VersionLoggerListener.log 架构:              amd64
19-Aug-2023 19:22:13.979 信息 [main] org.apache.catalina.startup.VersionLoggerListener.log Java 环境变量:     E:\jdk\jdk-15
19-Aug-2023 19:22:13.980 信息 [main] org.apache.catalina.startup.VersionLoggerListener.log Java虚拟机版本:    15+36-1562
19-Aug-2023 19:22:13.980 信息 [main] org.apache.catalina.startup.VersionLoggerListener.log JVM.供应商:        Oracle Corporation
19-Aug-2023 19:22:13.980 信息 [main] org.apache.catalina.startup.VersionLoggerListener.log CATALINA_BASE:     E:\apache-tomcat-9.0.54
19-Aug-2023 19:22:13.981 信息 [main] org.apache.catalina.startup.VersionLoggerListener.log CATALINA_HOME:     E:\apache-tomcat-9.0.54
19-Aug-2023 19:22:14.001 信息 [main] org.apache.catalina.startup.VersionLoggerListener.log 命令行参数：       --add-opens=java.base/java.lang=ALL-UNNAMED
19-Aug-2023 19:22:14.012 信息 [main] org.apache.catalina.startup.VersionLoggerListener.log 命令行参数：       --add-opens=java.base/java.io=ALL-UNNAMED
19-Aug-2023 19:22:14.013 信息 [main] org.apache.catalina.startup.VersionLoggerListener.log 命令行参数：       --add-opens=java.base/java.util=ALL-UNNAMED
19-Aug-2023 19:22:14.015 信息 [main] org.apache.catalina.startup.VersionLoggerListener.log 命令行参数：       --add-opens=java.base/java.util.concurrent=ALL-UNNAMED
19-Aug-2023 19:22:14.016 信息 [main] org.apache.catalina.startup.VersionLoggerListener.log 命令行参数：       --add-opens=java.rmi/sun.rmi.transport=ALL-UNNAMED
19-Aug-2023 19:22:14.017 信息 [main] org.apache.catalina.startup.VersionLoggerListener.log 命令行参数：       -Djava.util.logging.config.file=E:\apache-tomcat-9.0.54\conf\logging.properties
19-Aug-2023 19:22:14.018 信息 [main] org.apache.catalina.startup.VersionLoggerListener.log 命令行参数：       -Djava.util.logging.manager=org.apache.juli.ClassLoaderLogManager
19-Aug-2023 19:22:14.019 信息 [main] org.apache.catalina.startup.VersionLoggerListener.log 命令行参数：       -Djdk.tls.ephemeralDHKeySize=2048
19-Aug-2023 19:22:14.020 信息 [main] org.apache.catalina.startup.VersionLoggerListener.log 命令行参数：       -Djava.protocol.handler.pkgs=org.apache.catalina.webresources
19-Aug-2023 19:22:14.021 信息 [main] org.apache.catalina.startup.VersionLoggerListener.log 命令行参数：       -Dignore.endorsed.dirs=
19-Aug-2023 19:22:14.022 信息 [main] org.apache.catalina.startup.VersionLoggerListener.log 命令行参数：       -Dcatalina.base=E:\apache-tomcat-9.0.54
19-Aug-2023 19:22:14.023 信息 [main] org.apache.catalina.startup.VersionLoggerListener.log 命令行参数：       -Dcatalina.home=E:\apache-tomcat-9.0.54
19-Aug-2023 19:22:14.025 信息 [main] org.apache.catalina.startup.VersionLoggerListener.log 命令行参数：       -Djava.io.tmpdir=E:\apache-tomcat-9.0.54\temp
19-Aug-2023 19:22:14.030 信息 [main] org.apache.catalina.core.AprLifecycleListener.lifecycleEvent 使用APR版本[1.7.0]加载了基于APR的Apache Tomcat本机库[1.2.31]。
19-Aug-2023 19:22:14.034 信息 [main] org.apache.catalina.core.AprLifecycleListener.lifecycleEvent APR功能：IPv6[true]、sendfile[true]、accept filters[false]、random[true]、UDS [true]。
19-Aug-2023 19:22:14.036 信息 [main] org.apache.catalina.core.AprLifecycleListener.lifecycleEvent APR/OpenSSL配置：useAprConnector[false]，useOpenSSL[true]
19-Aug-2023 19:22:14.044 信息 [main] org.apache.catalina.core.AprLifecycleListener.initializeSSL OpenSSL成功初始化 [OpenSSL 1.1.1l  24 Aug 2021]
19-Aug-2023 19:22:14.453 信息 [main] org.apache.coyote.AbstractProtocol.init 初始化协议处理器 ["http-nio-8080"]
19-Aug-2023 19:22:14.485 信息 [main] org.apache.catalina.startup.Catalina.load 服务器在[835]毫秒内初始化
19-Aug-2023 19:22:14.551 信息 [main] org.apache.catalina.core.StandardService.startInternal 正在启动服务[Catalina]
19-Aug-2023 19:22:14.552 信息 [main] org.apache.catalina.core.StandardEngine.startInternal 正在启动 Servlet 引擎：[Apache Tomcat/9.0.54]
19-Aug-2023 19:22:14.585 信息 [main] org.apache.catalina.startup.HostConfig.deployWAR 正在部署web应用程序存档文件[E:\apache-tomcat-9.0.54\webapps\RPS-1.0-SNAPSHOT.war]
19-Aug-2023 19:22:19.723 信息 [main] org.apache.jasper.servlet.TldScanner.scanJars 至少有一个JAR被扫描用于TLD但尚未包含TLD。 为此记录器启用调试日志记录，以获取已扫描但未在其中找到TLD的完整JAR列表。 在扫描期间跳过不需要的JAR可以缩短启动时间和JSP编译时间。
19-Aug-2023 19:22:19.914 信息 [main] org.apache.catalina.startup.HostConfig.deployWAR web应用程序存档文件[E:\apache-tomcat-9.0.54\webapps\RPS-1.0-SNAPSHOT.war]的部署已在[5,326]ms内完成
19-Aug-2023 19:22:19.917 信息 [main] org.apache.catalina.startup.HostConfig.deployDirectory 把web 应用程序部署到目录 [E:\apache-tomcat-9.0.54\webapps\docs]
19-Aug-2023 19:22:19.953 信息 [main] org.apache.catalina.startup.HostConfig.deployDirectory Web应用程序目录[E:\apache-tomcat-9.0.54\webapps\docs]的部署已在[36]毫秒内完成
19-Aug-2023 19:22:19.954 信息 [main] org.apache.catalina.startup.HostConfig.deployDirectory 把web 应用程序部署到目录 [E:\apache-tomcat-9.0.54\webapps\examples]
19-Aug-2023 19:22:20.459 信息 [main] org.apache.catalina.startup.HostConfig.deployDirectory Web应用程序目录[E:\apache-tomcat-9.0.54\webapps\examples]的部署已在[505]毫秒内完成
19-Aug-2023 19:22:20.471 信息 [main] org.apache.catalina.startup.HostConfig.deployDirectory 把web 应用程序部署到目录 [E:\apache-tomcat-9.0.54\webapps\h1]
19-Aug-2023 19:22:20.550 信息 [main] org.apache.jasper.servlet.TldScanner.scanJars 至少有一个JAR被扫描用于TLD但尚未包含TLD。 为此记录器启用调试日志记录，以获取已扫描但未在其中找到TLD的完整JAR列表。 在扫描期间跳过不需要的JAR可以缩短启动时间和JSP编译时间。
19-Aug-2023 19:22:20.566 信息 [main] org.apache.catalina.startup.HostConfig.deployDirectory Web应用程序目录[E:\apache-tomcat-9.0.54\webapps\h1]的部署已在[95]毫秒内完成
19-Aug-2023 19:22:20.567 信息 [main] org.apache.catalina.startup.HostConfig.deployDirectory 把web 应用程序部署到目录 [E:\apache-tomcat-9.0.54\webapps\host-manager]
19-Aug-2023 19:22:20.620 信息 [main] org.apache.catalina.startup.HostConfig.deployDirectory Web应用程序目录[E:\apache-tomcat-9.0.54\webapps\host-manager]的部署已在[53]毫秒内完成
19-Aug-2023 19:22:20.632 信息 [main] org.apache.catalina.startup.HostConfig.deployDirectory 把web 应用程序部署到目录 [E:\apache-tomcat-9.0.54\webapps\manager]
19-Aug-2023 19:22:20.690 信息 [main] org.apache.catalina.startup.HostConfig.deployDirectory Web应用程序目录[E:\apache-tomcat-9.0.54\webapps\manager]的部署已在[58]毫秒内完成
19-Aug-2023 19:22:20.701 信息 [main] org.apache.catalina.startup.HostConfig.deployDirectory 把web 应用程序部署到目录 [E:\apache-tomcat-9.0.54\webapps\PathSynthesis_07_war]
19-Aug-2023 19:22:21.581 信息 [main] org.apache.jasper.servlet.TldScanner.scanJars 至少有一个JAR被扫描用于TLD但尚未包含TLD。 为此记录器启用调试日志记录，以获取已扫描但未在其中找到TLD的完整JAR列表。 在扫描期间跳过不需要的JAR可以缩短启动时间和JSP编译时间。
19-Aug-2023 19:22:21.596 严重 [main] org.apache.catalina.core.StandardContext.startInternal 一个或多个listeners启动失败，更多详细信息查看对应的容器日志文件
19-Aug-2023 19:22:21.597 严重 [main] org.apache.catalina.core.StandardContext.startInternal 由于之前的错误，Context[/PathSynthesis_07_war]启动失败
19-Aug-2023 19:22:21.605 信息 [main] org.apache.catalina.startup.HostConfig.deployDirectory Web应用程序目录[E:\apache-tomcat-9.0.54\webapps\PathSynthesis_07_war]的部署已在[904]毫秒内完成
19-Aug-2023 19:22:21.607 信息 [main] org.apache.catalina.startup.HostConfig.deployDirectory 把web 应用程序部署到目录 [E:\apache-tomcat-9.0.54\webapps\PathS_war]
19-Aug-2023 19:22:22.604 信息 [main] org.apache.jasper.servlet.TldScanner.scanJars 至少有一个JAR被扫描用于TLD但尚未包含TLD。 为此记录器启用调试日志记录，以获取已扫描但未在其中找到TLD的完整JAR列表。 在扫描期间跳过不需要的JAR可以缩短启动时间和JSP编译时间。
19-Aug-2023 19:22:22.623 信息 [main] org.apache.catalina.startup.HostConfig.deployDirectory Web应用程序目录[E:\apache-tomcat-9.0.54\webapps\PathS_war]的部署已在[1,017]毫秒内完成
19-Aug-2023 19:22:22.624 信息 [main] org.apache.catalina.startup.HostConfig.deployDirectory 把web 应用程序部署到目录 [E:\apache-tomcat-9.0.54\webapps\PSMVC-1.0-SNAPSHOT]
19-Aug-2023 19:22:26.419 信息 [main] org.apache.jasper.servlet.TldScanner.scanJars 至少有一个JAR被扫描用于TLD但尚未包含TLD。 为此记录器启用调试日志记录，以获取已扫描但未在其中找到TLD的完整JAR列表。 在扫描期间跳过不需要的JAR可以缩短启动时间和JSP编译时间。
19-Aug-2023 19:22:26.469 信息 [main] org.apache.catalina.startup.HostConfig.deployDirectory Web应用程序目录[E:\apache-tomcat-9.0.54\webapps\PSMVC-1.0-SNAPSHOT]的部署已在[3,845]毫秒内完成
19-Aug-2023 19:22:26.480 信息 [main] org.apache.catalina.startup.HostConfig.deployDirectory 把web 应用程序部署到目录 [E:\apache-tomcat-9.0.54\webapps\r]
19-Aug-2023 19:22:26.553 信息 [main] org.apache.jasper.servlet.TldScanner.scanJars 至少有一个JAR被扫描用于TLD但尚未包含TLD。 为此记录器启用调试日志记录，以获取已扫描但未在其中找到TLD的完整JAR列表。 在扫描期间跳过不需要的JAR可以缩短启动时间和JSP编译时间。
19-Aug-2023 19:22:26.570 信息 [main] org.apache.catalina.startup.HostConfig.deployDirectory Web应用程序目录[E:\apache-tomcat-9.0.54\webapps\r]的部署已在[89]毫秒内完成
19-Aug-2023 19:22:26.571 信息 [main] org.apache.catalina.startup.HostConfig.deployDirectory 把web 应用程序部署到目录 [E:\apache-tomcat-9.0.54\webapps\response_war]
19-Aug-2023 19:22:26.648 信息 [main] org.apache.jasper.servlet.TldScanner.scanJars 至少有一个JAR被扫描用于TLD但尚未包含TLD。 为此记录器启用调试日志记录，以获取已扫描但未在其中找到TLD的完整JAR列表。 在扫描期间跳过不需要的JAR可以缩短启动时间和JSP编译时间。
19-Aug-2023 19:22:26.663 信息 [main] org.apache.catalina.startup.HostConfig.deployDirectory Web应用程序目录[E:\apache-tomcat-9.0.54\webapps\response_war]的部署已在[92]毫秒内完成
19-Aug-2023 19:22:26.664 信息 [main] org.apache.catalina.startup.HostConfig.deployDirectory 把web 应用程序部署到目录 [E:\apache-tomcat-9.0.54\webapps\ROOT]
19-Aug-2023 19:22:26.691 信息 [main] org.apache.catalina.startup.HostConfig.deployDirectory Web应用程序目录[E:\apache-tomcat-9.0.54\webapps\ROOT]的部署已在[27]毫秒内完成
19-Aug-2023 19:22:26.692 信息 [main] org.apache.catalina.startup.HostConfig.deployDirectory 把web 应用程序部署到目录 [E:\apache-tomcat-9.0.54\webapps\servlet_03_war]
19-Aug-2023 19:22:26.765 信息 [main] org.apache.jasper.servlet.TldScanner.scanJars 至少有一个JAR被扫描用于TLD但尚未包含TLD。 为此记录器启用调试日志记录，以获取已扫描但未在其中找到TLD的完整JAR列表。 在扫描期间跳过不需要的JAR可以缩短启动时间和JSP编译时间。
19-Aug-2023 19:22:26.781 信息 [main] org.apache.catalina.startup.HostConfig.deployDirectory Web应用程序目录[E:\apache-tomcat-9.0.54\webapps\servlet_03_war]的部署已在[90]毫秒内完成
19-Aug-2023 19:22:26.782 信息 [main] org.apache.catalina.startup.HostConfig.deployDirectory 把web 应用程序部署到目录 [E:\apache-tomcat-9.0.54\webapps\smbms_war]
19-Aug-2023 19:22:27.462 信息 [main] org.apache.jasper.servlet.TldScanner.scanJars 至少有一个JAR被扫描用于TLD但尚未包含TLD。 为此记录器启用调试日志记录，以获取已扫描但未在其中找到TLD的完整JAR列表。 在扫描期间跳过不需要的JAR可以缩短启动时间和JSP编译时间。
19-Aug-2023 19:22:27.479 信息 [main] org.apache.catalina.startup.HostConfig.deployDirectory Web应用程序目录[E:\apache-tomcat-9.0.54\webapps\smbms_war]的部署已在[696]毫秒内完成
19-Aug-2023 19:22:27.485 信息 [main] org.apache.coyote.AbstractProtocol.start 开始协议处理句柄["http-nio-8080"]
19-Aug-2023 19:22:27.579 信息 [main] org.apache.catalina.startup.Catalina.start [13093]毫秒后服务器启动
19-Aug-2023 21:45:31.149 信息 [main] org.apache.catalina.startup.VersionLoggerListener.log Server.服务器版本: Apache Tomcat/9.0.54
19-Aug-2023 21:45:31.157 信息 [main] org.apache.catalina.startup.VersionLoggerListener.log 服务器构建:        Sep 28 2021 13:51:49 UTC
19-Aug-2023 21:45:31.157 信息 [main] org.apache.catalina.startup.VersionLoggerListener.log 服务器版本号:      9.0.54.0
19-Aug-2023 21:45:31.159 信息 [main] org.apache.catalina.startup.VersionLoggerListener.log 操作系统名称:      Windows 10
19-Aug-2023 21:45:31.159 信息 [main] org.apache.catalina.startup.VersionLoggerListener.log OS.版本:           10.0
19-Aug-2023 21:45:31.160 信息 [main] org.apache.catalina.startup.VersionLoggerListener.log 架构:              amd64
19-Aug-2023 21:45:31.160 信息 [main] org.apache.catalina.startup.VersionLoggerListener.log Java 环境变量:     E:\jdk\jdk-15
19-Aug-2023 21:45:31.161 信息 [main] org.apache.catalina.startup.VersionLoggerListener.log Java虚拟机版本:    15+36-1562
19-Aug-2023 21:45:31.161 信息 [main] org.apache.catalina.startup.VersionLoggerListener.log JVM.供应商:        Oracle Corporation
19-Aug-2023 21:45:31.162 信息 [main] org.apache.catalina.startup.VersionLoggerListener.log CATALINA_BASE:     E:\apache-tomcat-9.0.54
19-Aug-2023 21:45:31.162 信息 [main] org.apache.catalina.startup.VersionLoggerListener.log CATALINA_HOME:     E:\apache-tomcat-9.0.54
19-Aug-2023 21:45:31.176 信息 [main] org.apache.catalina.startup.VersionLoggerListener.log 命令行参数：       --add-opens=java.base/java.lang=ALL-UNNAMED
19-Aug-2023 21:45:31.192 信息 [main] org.apache.catalina.startup.VersionLoggerListener.log 命令行参数：       --add-opens=java.base/java.io=ALL-UNNAMED
19-Aug-2023 21:45:31.192 信息 [main] org.apache.catalina.startup.VersionLoggerListener.log 命令行参数：       --add-opens=java.base/java.util=ALL-UNNAMED
19-Aug-2023 21:45:31.193 信息 [main] org.apache.catalina.startup.VersionLoggerListener.log 命令行参数：       --add-opens=java.base/java.util.concurrent=ALL-UNNAMED
19-Aug-2023 21:45:31.194 信息 [main] org.apache.catalina.startup.VersionLoggerListener.log 命令行参数：       --add-opens=java.rmi/sun.rmi.transport=ALL-UNNAMED
19-Aug-2023 21:45:31.198 信息 [main] org.apache.catalina.startup.VersionLoggerListener.log 命令行参数：       -Djava.util.logging.config.file=E:\apache-tomcat-9.0.54\conf\logging.properties
19-Aug-2023 21:45:31.199 信息 [main] org.apache.catalina.startup.VersionLoggerListener.log 命令行参数：       -Djava.util.logging.manager=org.apache.juli.ClassLoaderLogManager
19-Aug-2023 21:45:31.199 信息 [main] org.apache.catalina.startup.VersionLoggerListener.log 命令行参数：       -Djdk.tls.ephemeralDHKeySize=2048
19-Aug-2023 21:45:31.200 信息 [main] org.apache.catalina.startup.VersionLoggerListener.log 命令行参数：       -Djava.protocol.handler.pkgs=org.apache.catalina.webresources
19-Aug-2023 21:45:31.201 信息 [main] org.apache.catalina.startup.VersionLoggerListener.log 命令行参数：       -Dignore.endorsed.dirs=
19-Aug-2023 21:45:31.201 信息 [main] org.apache.catalina.startup.VersionLoggerListener.log 命令行参数：       -Dcatalina.base=E:\apache-tomcat-9.0.54
19-Aug-2023 21:45:31.202 信息 [main] org.apache.catalina.startup.VersionLoggerListener.log 命令行参数：       -Dcatalina.home=E:\apache-tomcat-9.0.54
19-Aug-2023 21:45:31.204 信息 [main] org.apache.catalina.startup.VersionLoggerListener.log 命令行参数：       -Djava.io.tmpdir=E:\apache-tomcat-9.0.54\temp
19-Aug-2023 21:45:31.209 信息 [main] org.apache.catalina.core.AprLifecycleListener.lifecycleEvent 使用APR版本[1.7.0]加载了基于APR的Apache Tomcat本机库[1.2.31]。
19-Aug-2023 21:45:31.213 信息 [main] org.apache.catalina.core.AprLifecycleListener.lifecycleEvent APR功能：IPv6[true]、sendfile[true]、accept filters[false]、random[true]、UDS [true]。
19-Aug-2023 21:45:31.216 信息 [main] org.apache.catalina.core.AprLifecycleListener.lifecycleEvent APR/OpenSSL配置：useAprConnector[false]，useOpenSSL[true]
19-Aug-2023 21:45:31.223 信息 [main] org.apache.catalina.core.AprLifecycleListener.initializeSSL OpenSSL成功初始化 [OpenSSL 1.1.1l  24 Aug 2021]
19-Aug-2023 21:45:31.755 信息 [main] org.apache.coyote.AbstractProtocol.init 初始化协议处理器 ["http-nio-8080"]
19-Aug-2023 21:45:31.805 信息 [main] org.apache.catalina.startup.Catalina.load 服务器在[960]毫秒内初始化
19-Aug-2023 21:45:31.876 信息 [main] org.apache.catalina.core.StandardService.startInternal 正在启动服务[Catalina]
19-Aug-2023 21:45:31.876 信息 [main] org.apache.catalina.core.StandardEngine.startInternal 正在启动 Servlet 引擎：[Apache Tomcat/9.0.54]
19-Aug-2023 21:45:31.909 信息 [main] org.apache.catalina.startup.HostConfig.deployWAR 正在部署web应用程序存档文件[E:\apache-tomcat-9.0.54\webapps\RPS-1.0-SNAPSHOT.war]
19-Aug-2023 21:45:36.938 信息 [main] org.apache.jasper.servlet.TldScanner.scanJars 至少有一个JAR被扫描用于TLD但尚未包含TLD。 为此记录器启用调试日志记录，以获取已扫描但未在其中找到TLD的完整JAR列表。 在扫描期间跳过不需要的JAR可以缩短启动时间和JSP编译时间。
19-Aug-2023 21:45:37.144 警告 [main] org.apache.catalina.util.SessionIdGeneratorBase.createSecureRandom 使用[SHA1PRNG]创建会话ID生成的SecureRandom实例花费了[101]毫秒。
19-Aug-2023 21:45:37.201 信息 [main] org.apache.catalina.startup.HostConfig.deployWAR web应用程序存档文件[E:\apache-tomcat-9.0.54\webapps\RPS-1.0-SNAPSHOT.war]的部署已在[5,293]ms内完成
19-Aug-2023 21:45:37.208 信息 [main] org.apache.catalina.startup.HostConfig.deployDirectory 把web 应用程序部署到目录 [E:\apache-tomcat-9.0.54\webapps\docs]
19-Aug-2023 21:45:37.257 信息 [main] org.apache.catalina.startup.HostConfig.deployDirectory Web应用程序目录[E:\apache-tomcat-9.0.54\webapps\docs]的部署已在[49]毫秒内完成
19-Aug-2023 21:45:37.270 信息 [main] org.apache.catalina.startup.HostConfig.deployDirectory 把web 应用程序部署到目录 [E:\apache-tomcat-9.0.54\webapps\examples]
19-Aug-2023 21:45:37.840 信息 [main] org.apache.catalina.startup.HostConfig.deployDirectory Web应用程序目录[E:\apache-tomcat-9.0.54\webapps\examples]的部署已在[571]毫秒内完成
19-Aug-2023 21:45:37.851 信息 [main] org.apache.catalina.startup.HostConfig.deployDirectory 把web 应用程序部署到目录 [E:\apache-tomcat-9.0.54\webapps\h1]
19-Aug-2023 21:45:37.951 信息 [main] org.apache.jasper.servlet.TldScanner.scanJars 至少有一个JAR被扫描用于TLD但尚未包含TLD。 为此记录器启用调试日志记录，以获取已扫描但未在其中找到TLD的完整JAR列表。 在扫描期间跳过不需要的JAR可以缩短启动时间和JSP编译时间。
19-Aug-2023 21:45:37.973 信息 [main] org.apache.catalina.startup.HostConfig.deployDirectory Web应用程序目录[E:\apache-tomcat-9.0.54\webapps\h1]的部署已在[121]毫秒内完成
19-Aug-2023 21:45:37.974 信息 [main] org.apache.catalina.startup.HostConfig.deployDirectory 把web 应用程序部署到目录 [E:\apache-tomcat-9.0.54\webapps\host-manager]
19-Aug-2023 21:45:38.048 信息 [main] org.apache.catalina.startup.HostConfig.deployDirectory Web应用程序目录[E:\apache-tomcat-9.0.54\webapps\host-manager]的部署已在[73]毫秒内完成
19-Aug-2023 21:45:38.063 信息 [main] org.apache.catalina.startup.HostConfig.deployDirectory 把web 应用程序部署到目录 [E:\apache-tomcat-9.0.54\webapps\manager]
19-Aug-2023 21:45:38.136 信息 [main] org.apache.catalina.startup.HostConfig.deployDirectory Web应用程序目录[E:\apache-tomcat-9.0.54\webapps\manager]的部署已在[73]毫秒内完成
19-Aug-2023 21:45:38.147 信息 [main] org.apache.catalina.startup.HostConfig.deployDirectory 把web 应用程序部署到目录 [E:\apache-tomcat-9.0.54\webapps\PathSynthesis_07_war]
19-Aug-2023 21:45:39.272 信息 [main] org.apache.jasper.servlet.TldScanner.scanJars 至少有一个JAR被扫描用于TLD但尚未包含TLD。 为此记录器启用调试日志记录，以获取已扫描但未在其中找到TLD的完整JAR列表。 在扫描期间跳过不需要的JAR可以缩短启动时间和JSP编译时间。
19-Aug-2023 21:45:39.288 严重 [main] org.apache.catalina.core.StandardContext.startInternal 一个或多个listeners启动失败，更多详细信息查看对应的容器日志文件
19-Aug-2023 21:45:39.289 严重 [main] org.apache.catalina.core.StandardContext.startInternal 由于之前的错误，Context[/PathSynthesis_07_war]启动失败
19-Aug-2023 21:45:39.298 信息 [main] org.apache.catalina.startup.HostConfig.deployDirectory Web应用程序目录[E:\apache-tomcat-9.0.54\webapps\PathSynthesis_07_war]的部署已在[1,151]毫秒内完成
19-Aug-2023 21:45:39.299 信息 [main] org.apache.catalina.startup.HostConfig.deployDirectory 把web 应用程序部署到目录 [E:\apache-tomcat-9.0.54\webapps\PathS_war]
19-Aug-2023 21:45:40.351 信息 [main] org.apache.jasper.servlet.TldScanner.scanJars 至少有一个JAR被扫描用于TLD但尚未包含TLD。 为此记录器启用调试日志记录，以获取已扫描但未在其中找到TLD的完整JAR列表。 在扫描期间跳过不需要的JAR可以缩短启动时间和JSP编译时间。
19-Aug-2023 21:45:40.367 信息 [main] org.apache.catalina.startup.HostConfig.deployDirectory Web应用程序目录[E:\apache-tomcat-9.0.54\webapps\PathS_war]的部署已在[1,068]毫秒内完成
19-Aug-2023 21:45:40.368 信息 [main] org.apache.catalina.startup.HostConfig.deployDirectory 把web 应用程序部署到目录 [E:\apache-tomcat-9.0.54\webapps\PSMVC-1.0-SNAPSHOT]
19-Aug-2023 21:45:44.598 信息 [main] org.apache.jasper.servlet.TldScanner.scanJars 至少有一个JAR被扫描用于TLD但尚未包含TLD。 为此记录器启用调试日志记录，以获取已扫描但未在其中找到TLD的完整JAR列表。 在扫描期间跳过不需要的JAR可以缩短启动时间和JSP编译时间。
19-Aug-2023 21:45:44.648 信息 [main] org.apache.catalina.startup.HostConfig.deployDirectory Web应用程序目录[E:\apache-tomcat-9.0.54\webapps\PSMVC-1.0-SNAPSHOT]的部署已在[4,279]毫秒内完成
19-Aug-2023 21:45:44.659 信息 [main] org.apache.catalina.startup.HostConfig.deployDirectory 把web 应用程序部署到目录 [E:\apache-tomcat-9.0.54\webapps\r]
19-Aug-2023 21:45:44.738 信息 [main] org.apache.jasper.servlet.TldScanner.scanJars 至少有一个JAR被扫描用于TLD但尚未包含TLD。 为此记录器启用调试日志记录，以获取已扫描但未在其中找到TLD的完整JAR列表。 在扫描期间跳过不需要的JAR可以缩短启动时间和JSP编译时间。
19-Aug-2023 21:45:44.756 信息 [main] org.apache.catalina.startup.HostConfig.deployDirectory Web应用程序目录[E:\apache-tomcat-9.0.54\webapps\r]的部署已在[96]毫秒内完成
19-Aug-2023 21:45:44.756 信息 [main] org.apache.catalina.startup.HostConfig.deployDirectory 把web 应用程序部署到目录 [E:\apache-tomcat-9.0.54\webapps\response_war]
19-Aug-2023 21:45:44.827 信息 [main] org.apache.jasper.servlet.TldScanner.scanJars 至少有一个JAR被扫描用于TLD但尚未包含TLD。 为此记录器启用调试日志记录，以获取已扫描但未在其中找到TLD的完整JAR列表。 在扫描期间跳过不需要的JAR可以缩短启动时间和JSP编译时间。
19-Aug-2023 21:45:44.845 信息 [main] org.apache.catalina.startup.HostConfig.deployDirectory Web应用程序目录[E:\apache-tomcat-9.0.54\webapps\response_war]的部署已在[88]毫秒内完成
19-Aug-2023 21:45:44.846 信息 [main] org.apache.catalina.startup.HostConfig.deployDirectory 把web 应用程序部署到目录 [E:\apache-tomcat-9.0.54\webapps\ROOT]
19-Aug-2023 21:45:44.877 信息 [main] org.apache.catalina.startup.HostConfig.deployDirectory Web应用程序目录[E:\apache-tomcat-9.0.54\webapps\ROOT]的部署已在[32]毫秒内完成
19-Aug-2023 21:45:44.879 信息 [main] org.apache.catalina.startup.HostConfig.deployDirectory 把web 应用程序部署到目录 [E:\apache-tomcat-9.0.54\webapps\servlet_03_war]
19-Aug-2023 21:45:44.969 信息 [main] org.apache.jasper.servlet.TldScanner.scanJars 至少有一个JAR被扫描用于TLD但尚未包含TLD。 为此记录器启用调试日志记录，以获取已扫描但未在其中找到TLD的完整JAR列表。 在扫描期间跳过不需要的JAR可以缩短启动时间和JSP编译时间。
19-Aug-2023 21:45:44.988 信息 [main] org.apache.catalina.startup.HostConfig.deployDirectory Web应用程序目录[E:\apache-tomcat-9.0.54\webapps\servlet_03_war]的部署已在[110]毫秒内完成
19-Aug-2023 21:45:44.989 信息 [main] org.apache.catalina.startup.HostConfig.deployDirectory 把web 应用程序部署到目录 [E:\apache-tomcat-9.0.54\webapps\smbms_war]
19-Aug-2023 21:45:45.754 信息 [main] org.apache.jasper.servlet.TldScanner.scanJars 至少有一个JAR被扫描用于TLD但尚未包含TLD。 为此记录器启用调试日志记录，以获取已扫描但未在其中找到TLD的完整JAR列表。 在扫描期间跳过不需要的JAR可以缩短启动时间和JSP编译时间。
19-Aug-2023 21:45:45.772 信息 [main] org.apache.catalina.startup.HostConfig.deployDirectory Web应用程序目录[E:\apache-tomcat-9.0.54\webapps\smbms_war]的部署已在[783]毫秒内完成
19-Aug-2023 21:45:45.777 信息 [main] org.apache.coyote.AbstractProtocol.start 开始协议处理句柄["http-nio-8080"]
19-Aug-2023 21:45:45.876 信息 [main] org.apache.catalina.startup.Catalina.start [14070]毫秒后服务器启动
19-Aug-2023 21:47:19.040 警告 [main] org.apache.catalina.core.StandardServer.await 收到无效的关闭命令[]
