11-Oct-2023 17:37:58.329 信息 [main] org.apache.catalina.startup.VersionLoggerListener.log Server.服务器版本: Apache Tomcat/9.0.54
11-Oct-2023 17:37:58.335 信息 [main] org.apache.catalina.startup.VersionLoggerListener.log 服务器构建:        Sep 28 2021 13:51:49 UTC
11-Oct-2023 17:37:58.340 信息 [main] org.apache.catalina.startup.VersionLoggerListener.log 服务器版本号:      9.0.54.0
11-Oct-2023 17:37:58.342 信息 [main] org.apache.catalina.startup.VersionLoggerListener.log 操作系统名称:      Windows 10
11-Oct-2023 17:37:58.342 信息 [main] org.apache.catalina.startup.VersionLoggerListener.log OS.版本:           10.0
11-Oct-2023 17:37:58.343 信息 [main] org.apache.catalina.startup.VersionLoggerListener.log 架构:              amd64
11-Oct-2023 17:37:58.343 信息 [main] org.apache.catalina.startup.VersionLoggerListener.log Java 环境变量:     E:\jdk\jdk-15
11-Oct-2023 17:37:58.346 信息 [main] org.apache.catalina.startup.VersionLoggerListener.log Java虚拟机版本:    15+36-1562
11-Oct-2023 17:37:58.346 信息 [main] org.apache.catalina.startup.VersionLoggerListener.log JVM.供应商:        Oracle Corporation
11-Oct-2023 17:37:58.346 信息 [main] org.apache.catalina.startup.VersionLoggerListener.log CATALINA_BASE:     E:\apache-tomcat-9.0.54
11-Oct-2023 17:37:58.346 信息 [main] org.apache.catalina.startup.VersionLoggerListener.log CATALINA_HOME:     E:\apache-tomcat-9.0.54
11-Oct-2023 17:37:58.362 信息 [main] org.apache.catalina.startup.VersionLoggerListener.log 命令行参数：       --add-opens=java.base/java.lang=ALL-UNNAMED
11-Oct-2023 17:37:58.373 信息 [main] org.apache.catalina.startup.VersionLoggerListener.log 命令行参数：       --add-opens=java.base/java.io=ALL-UNNAMED
11-Oct-2023 17:37:58.373 信息 [main] org.apache.catalina.startup.VersionLoggerListener.log 命令行参数：       --add-opens=java.base/java.util=ALL-UNNAMED
11-Oct-2023 17:37:58.374 信息 [main] org.apache.catalina.startup.VersionLoggerListener.log 命令行参数：       --add-opens=java.base/java.util.concurrent=ALL-UNNAMED
11-Oct-2023 17:37:58.375 信息 [main] org.apache.catalina.startup.VersionLoggerListener.log 命令行参数：       --add-opens=java.rmi/sun.rmi.transport=ALL-UNNAMED
11-Oct-2023 17:37:58.375 信息 [main] org.apache.catalina.startup.VersionLoggerListener.log 命令行参数：       -Djava.util.logging.config.file=E:\apache-tomcat-9.0.54\conf\logging.properties
11-Oct-2023 17:37:58.376 信息 [main] org.apache.catalina.startup.VersionLoggerListener.log 命令行参数：       -Djava.util.logging.manager=org.apache.juli.ClassLoaderLogManager
11-Oct-2023 17:37:58.376 信息 [main] org.apache.catalina.startup.VersionLoggerListener.log 命令行参数：       -Djdk.tls.ephemeralDHKeySize=2048
11-Oct-2023 17:37:58.377 信息 [main] org.apache.catalina.startup.VersionLoggerListener.log 命令行参数：       -Djava.protocol.handler.pkgs=org.apache.catalina.webresources
11-Oct-2023 17:37:58.378 信息 [main] org.apache.catalina.startup.VersionLoggerListener.log 命令行参数：       -Dignore.endorsed.dirs=
11-Oct-2023 17:37:58.378 信息 [main] org.apache.catalina.startup.VersionLoggerListener.log 命令行参数：       -Dcatalina.base=E:\apache-tomcat-9.0.54
11-Oct-2023 17:37:58.379 信息 [main] org.apache.catalina.startup.VersionLoggerListener.log 命令行参数：       -Dcatalina.home=E:\apache-tomcat-9.0.54
11-Oct-2023 17:37:58.379 信息 [main] org.apache.catalina.startup.VersionLoggerListener.log 命令行参数：       -Djava.io.tmpdir=E:\apache-tomcat-9.0.54\temp
11-Oct-2023 17:37:58.388 信息 [main] org.apache.catalina.core.AprLifecycleListener.lifecycleEvent 使用APR版本[1.7.0]加载了基于APR的Apache Tomcat本机库[1.2.31]。
11-Oct-2023 17:37:58.390 信息 [main] org.apache.catalina.core.AprLifecycleListener.lifecycleEvent APR功能：IPv6[true]、sendfile[true]、accept filters[false]、random[true]、UDS [true]。
11-Oct-2023 17:37:58.391 信息 [main] org.apache.catalina.core.AprLifecycleListener.lifecycleEvent APR/OpenSSL配置：useAprConnector[false]，useOpenSSL[true]
11-Oct-2023 17:37:58.412 信息 [main] org.apache.catalina.core.AprLifecycleListener.initializeSSL OpenSSL成功初始化 [OpenSSL 1.1.1l  24 Aug 2021]
11-Oct-2023 17:37:58.810 信息 [main] org.apache.coyote.AbstractProtocol.init 初始化协议处理器 ["http-nio-8080"]
11-Oct-2023 17:37:58.852 信息 [main] org.apache.catalina.startup.Catalina.load 服务器在[864]毫秒内初始化
11-Oct-2023 17:37:58.920 信息 [main] org.apache.catalina.core.StandardService.startInternal 正在启动服务[Catalina]
11-Oct-2023 17:37:58.920 信息 [main] org.apache.catalina.core.StandardEngine.startInternal 正在启动 Servlet 引擎：[Apache Tomcat/9.0.54]
11-Oct-2023 17:37:58.951 信息 [main] org.apache.catalina.startup.HostConfig.deployWAR 正在部署web应用程序存档文件[E:\apache-tomcat-9.0.54\webapps\RPS-1.0-SNAPSHOT.war]
11-Oct-2023 17:38:04.223 信息 [main] org.apache.jasper.servlet.TldScanner.scanJars 至少有一个JAR被扫描用于TLD但尚未包含TLD。 为此记录器启用调试日志记录，以获取已扫描但未在其中找到TLD的完整JAR列表。 在扫描期间跳过不需要的JAR可以缩短启动时间和JSP编译时间。
11-Oct-2023 17:38:04.439 信息 [main] org.apache.catalina.startup.HostConfig.deployWAR web应用程序存档文件[E:\apache-tomcat-9.0.54\webapps\RPS-1.0-SNAPSHOT.war]的部署已在[5,484]ms内完成
11-Oct-2023 17:38:04.444 信息 [main] org.apache.catalina.startup.HostConfig.deployWAR 正在部署web应用程序存档文件[E:\apache-tomcat-9.0.54\webapps\RPS.war]
11-Oct-2023 17:38:08.873 信息 [main] org.apache.jasper.servlet.TldScanner.scanJars 至少有一个JAR被扫描用于TLD但尚未包含TLD。 为此记录器启用调试日志记录，以获取已扫描但未在其中找到TLD的完整JAR列表。 在扫描期间跳过不需要的JAR可以缩短启动时间和JSP编译时间。
11-Oct-2023 17:38:12.513 信息 [main] org.apache.catalina.startup.HostConfig.deployWAR web应用程序存档文件[E:\apache-tomcat-9.0.54\webapps\RPS.war]的部署已在[8,069]ms内完成
11-Oct-2023 17:38:12.516 信息 [main] org.apache.catalina.startup.HostConfig.deployDirectory 把web 应用程序部署到目录 [E:\apache-tomcat-9.0.54\webapps\docs]
11-Oct-2023 17:38:12.549 信息 [main] org.apache.catalina.startup.HostConfig.deployDirectory Web应用程序目录[E:\apache-tomcat-9.0.54\webapps\docs]的部署已在[33]毫秒内完成
11-Oct-2023 17:38:12.560 信息 [main] org.apache.catalina.startup.HostConfig.deployDirectory 把web 应用程序部署到目录 [E:\apache-tomcat-9.0.54\webapps\examples]
11-Oct-2023 17:38:13.137 信息 [main] org.apache.catalina.startup.HostConfig.deployDirectory Web应用程序目录[E:\apache-tomcat-9.0.54\webapps\examples]的部署已在[576]毫秒内完成
11-Oct-2023 17:38:13.148 信息 [main] org.apache.catalina.startup.HostConfig.deployDirectory 把web 应用程序部署到目录 [E:\apache-tomcat-9.0.54\webapps\h1]
11-Oct-2023 17:38:13.229 信息 [main] org.apache.jasper.servlet.TldScanner.scanJars 至少有一个JAR被扫描用于TLD但尚未包含TLD。 为此记录器启用调试日志记录，以获取已扫描但未在其中找到TLD的完整JAR列表。 在扫描期间跳过不需要的JAR可以缩短启动时间和JSP编译时间。
11-Oct-2023 17:38:13.252 信息 [main] org.apache.catalina.startup.HostConfig.deployDirectory Web应用程序目录[E:\apache-tomcat-9.0.54\webapps\h1]的部署已在[103]毫秒内完成
11-Oct-2023 17:38:13.253 信息 [main] org.apache.catalina.startup.HostConfig.deployDirectory 把web 应用程序部署到目录 [E:\apache-tomcat-9.0.54\webapps\host-manager]
11-Oct-2023 17:38:13.316 信息 [main] org.apache.catalina.startup.HostConfig.deployDirectory Web应用程序目录[E:\apache-tomcat-9.0.54\webapps\host-manager]的部署已在[63]毫秒内完成
11-Oct-2023 17:38:13.329 信息 [main] org.apache.catalina.startup.HostConfig.deployDirectory 把web 应用程序部署到目录 [E:\apache-tomcat-9.0.54\webapps\manager]
11-Oct-2023 17:38:13.384 信息 [main] org.apache.catalina.startup.HostConfig.deployDirectory Web应用程序目录[E:\apache-tomcat-9.0.54\webapps\manager]的部署已在[55]毫秒内完成
11-Oct-2023 17:38:13.395 信息 [main] org.apache.catalina.startup.HostConfig.deployDirectory 把web 应用程序部署到目录 [E:\apache-tomcat-9.0.54\webapps\PathSynthesis_07_war]
11-Oct-2023 17:38:14.359 信息 [main] org.apache.jasper.servlet.TldScanner.scanJars 至少有一个JAR被扫描用于TLD但尚未包含TLD。 为此记录器启用调试日志记录，以获取已扫描但未在其中找到TLD的完整JAR列表。 在扫描期间跳过不需要的JAR可以缩短启动时间和JSP编译时间。
11-Oct-2023 17:38:14.373 严重 [main] org.apache.catalina.core.StandardContext.startInternal 一个或多个listeners启动失败，更多详细信息查看对应的容器日志文件
11-Oct-2023 17:38:14.375 严重 [main] org.apache.catalina.core.StandardContext.startInternal 由于之前的错误，Context[/PathSynthesis_07_war]启动失败
11-Oct-2023 17:38:14.385 信息 [main] org.apache.catalina.startup.HostConfig.deployDirectory Web应用程序目录[E:\apache-tomcat-9.0.54\webapps\PathSynthesis_07_war]的部署已在[991]毫秒内完成
11-Oct-2023 17:38:14.387 信息 [main] org.apache.catalina.startup.HostConfig.deployDirectory 把web 应用程序部署到目录 [E:\apache-tomcat-9.0.54\webapps\PathS_war]
11-Oct-2023 17:38:15.459 信息 [main] org.apache.jasper.servlet.TldScanner.scanJars 至少有一个JAR被扫描用于TLD但尚未包含TLD。 为此记录器启用调试日志记录，以获取已扫描但未在其中找到TLD的完整JAR列表。 在扫描期间跳过不需要的JAR可以缩短启动时间和JSP编译时间。
11-Oct-2023 17:38:15.475 信息 [main] org.apache.catalina.startup.HostConfig.deployDirectory Web应用程序目录[E:\apache-tomcat-9.0.54\webapps\PathS_war]的部署已在[1,087]毫秒内完成
11-Oct-2023 17:38:15.476 信息 [main] org.apache.catalina.startup.HostConfig.deployDirectory 把web 应用程序部署到目录 [E:\apache-tomcat-9.0.54\webapps\PSMVC-1.0-SNAPSHOT]
11-Oct-2023 17:38:19.572 信息 [main] org.apache.jasper.servlet.TldScanner.scanJars 至少有一个JAR被扫描用于TLD但尚未包含TLD。 为此记录器启用调试日志记录，以获取已扫描但未在其中找到TLD的完整JAR列表。 在扫描期间跳过不需要的JAR可以缩短启动时间和JSP编译时间。
11-Oct-2023 17:38:19.623 信息 [main] org.apache.catalina.startup.HostConfig.deployDirectory Web应用程序目录[E:\apache-tomcat-9.0.54\webapps\PSMVC-1.0-SNAPSHOT]的部署已在[4,147]毫秒内完成
11-Oct-2023 17:38:19.635 信息 [main] org.apache.catalina.startup.HostConfig.deployDirectory 把web 应用程序部署到目录 [E:\apache-tomcat-9.0.54\webapps\r]
11-Oct-2023 17:38:19.704 信息 [main] org.apache.jasper.servlet.TldScanner.scanJars 至少有一个JAR被扫描用于TLD但尚未包含TLD。 为此记录器启用调试日志记录，以获取已扫描但未在其中找到TLD的完整JAR列表。 在扫描期间跳过不需要的JAR可以缩短启动时间和JSP编译时间。
11-Oct-2023 17:38:19.720 信息 [main] org.apache.catalina.startup.HostConfig.deployDirectory Web应用程序目录[E:\apache-tomcat-9.0.54\webapps\r]的部署已在[86]毫秒内完成
11-Oct-2023 17:38:19.721 信息 [main] org.apache.catalina.startup.HostConfig.deployDirectory 把web 应用程序部署到目录 [E:\apache-tomcat-9.0.54\webapps\response_war]
11-Oct-2023 17:38:19.787 信息 [main] org.apache.jasper.servlet.TldScanner.scanJars 至少有一个JAR被扫描用于TLD但尚未包含TLD。 为此记录器启用调试日志记录，以获取已扫描但未在其中找到TLD的完整JAR列表。 在扫描期间跳过不需要的JAR可以缩短启动时间和JSP编译时间。
11-Oct-2023 17:38:19.802 信息 [main] org.apache.catalina.startup.HostConfig.deployDirectory Web应用程序目录[E:\apache-tomcat-9.0.54\webapps\response_war]的部署已在[81]毫秒内完成
11-Oct-2023 17:38:19.803 信息 [main] org.apache.catalina.startup.HostConfig.deployDirectory 把web 应用程序部署到目录 [E:\apache-tomcat-9.0.54\webapps\ROOT]
11-Oct-2023 17:38:19.828 信息 [main] org.apache.catalina.startup.HostConfig.deployDirectory Web应用程序目录[E:\apache-tomcat-9.0.54\webapps\ROOT]的部署已在[25]毫秒内完成
11-Oct-2023 17:38:19.831 信息 [main] org.apache.catalina.startup.HostConfig.deployDirectory 把web 应用程序部署到目录 [E:\apache-tomcat-9.0.54\webapps\servlet_03_war]
11-Oct-2023 17:38:19.906 信息 [main] org.apache.jasper.servlet.TldScanner.scanJars 至少有一个JAR被扫描用于TLD但尚未包含TLD。 为此记录器启用调试日志记录，以获取已扫描但未在其中找到TLD的完整JAR列表。 在扫描期间跳过不需要的JAR可以缩短启动时间和JSP编译时间。
11-Oct-2023 17:38:19.923 信息 [main] org.apache.catalina.startup.HostConfig.deployDirectory Web应用程序目录[E:\apache-tomcat-9.0.54\webapps\servlet_03_war]的部署已在[91]毫秒内完成
11-Oct-2023 17:38:19.924 信息 [main] org.apache.catalina.startup.HostConfig.deployDirectory 把web 应用程序部署到目录 [E:\apache-tomcat-9.0.54\webapps\smbms_war]
11-Oct-2023 17:38:20.599 信息 [main] org.apache.jasper.servlet.TldScanner.scanJars 至少有一个JAR被扫描用于TLD但尚未包含TLD。 为此记录器启用调试日志记录，以获取已扫描但未在其中找到TLD的完整JAR列表。 在扫描期间跳过不需要的JAR可以缩短启动时间和JSP编译时间。
11-Oct-2023 17:38:20.617 信息 [main] org.apache.catalina.startup.HostConfig.deployDirectory Web应用程序目录[E:\apache-tomcat-9.0.54\webapps\smbms_war]的部署已在[692]毫秒内完成
11-Oct-2023 17:38:20.621 信息 [main] org.apache.coyote.AbstractProtocol.start 开始协议处理句柄["http-nio-8080"]
11-Oct-2023 17:38:20.707 信息 [main] org.apache.catalina.startup.Catalina.start [21854]毫秒后服务器启动
